<?xml version="1.0" encoding="UTF-8"?>
<!-- Generated by org.testng.reporters.JUnitXMLReporter -->
<testsuite ignored="0" hostname="DESKTOP-7A599BG" failures="8" tests="58" name="suite-test" time="3.457" errors="0" timestamp="2023-08-10T14:25:10 ICT">
  <testcase classname="BoxDaoTest" name="TestFinByKeyword" time="0.637"/>
  <testcase classname="BoxDaoTest" name="TestFindByBoxType" time="0.038"/>
  <testcase classname="BoxDaoTest" name="TestFindById" time="0.029"/>
  <testcase classname="BoxDaoTest" name="TestGetMaxId" time="0.045">
    <failure type="java.lang.AssertionError" message="expected [B013L] but found [B014L]">
      <![CDATA[java.lang.AssertionError: expected [B013L] but found [B014L]
at BoxDaoTest.TestGetMaxId(BoxDaoTest.java:114)
at java.base/java.util.ArrayList.forEach(ArrayList.java:1511)
... Removed 31 stack frames]]>
    </failure>
  </testcase> <!-- TestGetMaxId -->
  <testcase classname="BoxDaoTest" name="TestInsert" time="0.059"/>
  <testcase classname="BoxDaoTest" name="TestPagination" time="0.031"/>
  <testcase classname="BoxDaoTest" name="TestSelectAll" time="0.037"/>
  <testcase classname="BoxDaoTest" name="TestUpdate" time="0.098"/>
  <testcase classname="BoxDaoTest" name="insert" time="0.047"/>
  <testcase classname="BoxDaoTest" name="insert" time="0.03"/>
  <testcase classname="BoxDaoTest" name="insert" time="0.032"/>
  <testcase classname="ComboDaoTest" name="TestInsert" time="0.033"/>
  <testcase classname="ComboDaoTest" name="TestSelectById" time="0.029"/>
  <testcase classname="ComboDaoTest" name="TestUpdate" time="0.057"/>
  <testcase classname="ComboDaoTest" name="TestSelectAll" time="0.023"/>
  <testcase classname="ComboDaoTest" name="TestSelectByMaLoaiBox" time="0.025"/>
  <testcase classname="ComboDaoTest" name="TestSelectByKeyWord" time="0.063"/>
  <testcase classname="ComboDaoTest" name="TestMaxId" time="0.032"/>
  <testcase classname="ComboDaoTest" name="TestPagination" time="0.032"/>
  <testcase classname="ComboDaoTest" name="TestDelete" time="0.058"/>
  <testcase classname="HoaDonDaoTest" name="TestInsert" time="0.231"/>
  <testcase classname="HoaDonDaoTest" name="TestSelectById" time="0.021"/>
  <testcase classname="HoaDonDaoTest" name="TestNextId" time="0.046"/>
  <testcase classname="HoaDonDaoTest" name="TestSelectAll" time="0.041"/>
  <testcase classname="KhuyenMaiDaoTest" name="TestFinByCondition" time="0.054">
    <failure type="java.lang.AssertionError" message="expected [0] but found [3]">
      <![CDATA[java.lang.AssertionError: expected [0] but found [3]
at KhuyenMaiDaoTest.TestFinByCondition(KhuyenMaiDaoTest.java:102)
at java.base/java.util.ArrayList.forEach(ArrayList.java:1511)
... Removed 32 stack frames]]>
    </failure>
  </testcase> <!-- TestFinByCondition -->
  <testcase classname="KhuyenMaiDaoTest" name="TestFinByKeyword" time="0.058">
    <failure type="java.lang.AssertionError" message="expected [0] but found [1]">
      <![CDATA[java.lang.AssertionError: expected [0] but found [1]
at KhuyenMaiDaoTest.TestFinByKeyword(KhuyenMaiDaoTest.java:75)
at java.base/java.util.ArrayList.forEach(ArrayList.java:1511)
... Removed 32 stack frames]]>
    </failure>
  </testcase> <!-- TestFinByKeyword -->
  <testcase classname="KhuyenMaiDaoTest" name="TestFindById" time="0.022">
    <failure type="java.lang.NullPointerException" message="Cannot invoke &amp;quot;com.boxcf.models.KhuyenMai.getMaKM()&amp;quot; because &amp;quot;kmGeted&amp;quot; is null">
      <![CDATA[java.lang.NullPointerException: Cannot invoke "com.boxcf.models.KhuyenMai.getMaKM()" because "kmGeted" is null
at KhuyenMaiDaoTest.TestFindById(KhuyenMaiDaoTest.java:68)
at java.base/java.util.ArrayList.forEach(ArrayList.java:1511)
... Removed 25 stack frames]]>
    </failure>
  </testcase> <!-- TestFindById -->
  <testcase classname="KhuyenMaiDaoTest" name="TestInsert" time="0.022"/>
  <testcase classname="KhuyenMaiDaoTest" name="TestSelectAll" time="0.022"/>
  <testcase classname="KhuyenMaiDaoTest" name="TestUpdate" time="0.042"/>
  <testcase classname="KhuyenMaiDaoTest" name="insert" time="0.042"/>
  <testcase classname="KhuyenMaiDaoTest" name="insert" time="0.023"/>
  <testcase classname="KhuyenMaiDaoTest" name="insert" time="0.023">
    <failure type="java.lang.AssertionError" message="expected [1] but found [0]">
      <![CDATA[java.lang.AssertionError: expected [1] but found [0]
at KhuyenMaiDaoTest.insert(KhuyenMaiDaoTest.java:44)
at java.base/java.util.ArrayList.forEach(ArrayList.java:1511)
... Removed 32 stack frames]]>
    </failure>
  </testcase> <!-- insert -->
  <testcase classname="KhuyenMaiDaoTest" name="insert" time="0.028">
    <failure type="java.lang.AssertionError" message="expected [0] but found [1]">
      <![CDATA[java.lang.AssertionError: expected [0] but found [1]
at KhuyenMaiDaoTest.insert(KhuyenMaiDaoTest.java:44)
at java.base/java.util.ArrayList.forEach(ArrayList.java:1511)
... Removed 32 stack frames]]>
    </failure>
  </testcase> <!-- insert -->
  <testcase classname="NhanVienDaoTest" name="TestFinByKeyword" time="0.021"/>
  <testcase classname="NhanVienDaoTest" name="TestLogin" time="0.023"/>
  <testcase classname="NhanVienDaoTest" name="TestSelectAll" time="0.023"/>
  <testcase classname="NhanVienDaoTest" name="insert" time="0.028"/>
  <testcase classname="NhanVienDaoTest" name="insert" time="0.024"/>
  <testcase classname="NhanVienDaoTest" name="insert" time="0.023">
    <failure type="java.lang.AssertionError" message="expected [1] but found [0]">
      <![CDATA[java.lang.AssertionError: expected [1] but found [0]
at NhanVienDaoTest.insert(NhanVienDaoTest.java:64)
at java.base/java.util.ArrayList.forEach(ArrayList.java:1511)
... Removed 32 stack frames]]>
    </failure>
  </testcase> <!-- insert -->
  <testcase classname="NhanVienDaoTest" name="insert" time="0.025"/>
  <testcase classname="NhanVienDaoTest" name="insert" time="0.021"/>
  <testcase classname="NhanVienDaoTest" name="insert" time="0.016">
    <failure type="java.lang.AssertionError" message="expected [0] but found [1]">
      <![CDATA[java.lang.AssertionError: expected [0] but found [1]
at NhanVienDaoTest.insert(NhanVienDaoTest.java:64)
at java.base/java.util.ArrayList.forEach(ArrayList.java:1511)
... Removed 32 stack frames]]>
    </failure>
  </testcase> <!-- insert -->
  <testcase classname="NhanVienDaoTest" name="TestFindById" time="0.021"/>
  <testcase classname="NhanVienDaoTest" name="TestUpdate" time="0.046"/>
  <testcase classname="NhanVienDaoTest" name="TestGetMaxId" time="0.021"/>
  <testcase classname="SanPhamDaoTest" name="TestInsertSuccessfuly" time="0.055"/>
  <testcase classname="SanPhamDaoTest" name="TestInsertFailure" time="0.021"/>
  <testcase classname="SanPhamDaoTest" name="TestGet" time="0.021"/>
  <testcase classname="SanPhamDaoTest" name="TestGetEqua" time="0.019"/>
  <testcase classname="SanPhamDaoTest" name="TestUpdate" time="0.043"/>
  <testcase classname="SanPhamDaoTest" name="TestSelectAll" time="0.017"/>
  <testcase classname="SanPhamDaoTest" name="TestSelectByTenLoaiSP" time="0.024"/>
  <testcase classname="SanPhamDaoTest" name="TestSelectByTenDanhMuc" time="0.04"/>
  <testcase classname="SanPhamDaoTest" name="TestSelectByKeyWordType0" time="0.034"/>
  <testcase classname="SanPhamDaoTest" name="TestSelectByKeyWordType1" time="0.031"/>
  <testcase classname="SanPhamDaoTest" name="TestPagination" time="0.068"/>
  <testcase classname="SanPhamDaoTest" name="TestDelete" time="0.052"/>
</testsuite> <!-- suite-test -->
